0 info it worked if it ends with ok
1 verbose cli [ '/usr/local/bin/node',
1 verbose cli   '/usr/local/bin/npm',
1 verbose cli   'run',
1 verbose cli   'build-css' ]
2 info using npm@3.3.12
3 info using node@v5.4.1
4 verbose run-script [ 'prebuild-css', 'build-css', 'postbuild-css' ]
5 info lifecycle trip-planner@1.0.0~prebuild-css: trip-planner@1.0.0
6 silly lifecycle trip-planner@1.0.0~prebuild-css: no script for prebuild-css, continuing
7 info lifecycle trip-planner@1.0.0~build-css: trip-planner@1.0.0
8 verbose lifecycle trip-planner@1.0.0~build-css: unsafe-perm in lifecycle true
9 verbose lifecycle trip-planner@1.0.0~build-css: PATH: /usr/local/lib/node_modules/npm/bin/node-gyp-bin:/Users/Anthony/web_projects/fullstack/trip-planner/node_modules/.bin:/usr/local/lib/node_modules/npm/bin/node-gyp-bin:/Users/Anthony/web_projects/fullstack/trip-planner/node_modules/.bin:/Users/Anthony/google-cloud-sdk/bin:/Library/Frameworks/Python.framework/Versions/2.7/bin:/usr/local/bin:/usr/local/sbin:~/bin:/Library/Frameworks/Python.framework/Versions/3.3/bin:/Users/Anthony/.rvm/gems/ruby-2.0.0-p353/bin:/Users/Anthony/.rvm/gems/ruby-2.0.0-p353@global/bin:/Users/Anthony/.rvm/rubies/ruby-2.0.0-p353/bin:/Users/Anthony/.rvm/bin:/Users/Anthony/.rvm/bin:/usr/local/bin:/usr/bin:/bin:/usr/sbin:/sbin:/opt/X11/bin:/usr/local/git/bin:/opt/sm/bin:/opt/sm/pkg/active/bin:/opt/sm/pkg/active/sbin
10 verbose lifecycle trip-planner@1.0.0~build-css: CWD: /Users/Anthony/web_projects/fullstack/trip-planner
11 silly lifecycle trip-planner@1.0.0~build-css: Args: [ '-c',
11 silly lifecycle   'node-sass -w -r assets/stylesheets -o public/stylesheets' ]
12 silly lifecycle trip-planner@1.0.0~build-css: Returned: code: 1  signal: null
13 info lifecycle trip-planner@1.0.0~build-css: Failed to exec build-css script
14 verbose stack Error: trip-planner@1.0.0 build-css: `node-sass -w -r assets/stylesheets -o public/stylesheets`
14 verbose stack Exit status 1
14 verbose stack     at EventEmitter.<anonymous> (/usr/local/lib/node_modules/npm/lib/utils/lifecycle.js:232:16)
14 verbose stack     at emitTwo (events.js:87:13)
14 verbose stack     at EventEmitter.emit (events.js:172:7)
14 verbose stack     at ChildProcess.<anonymous> (/usr/local/lib/node_modules/npm/lib/utils/spawn.js:24:14)
14 verbose stack     at emitTwo (events.js:87:13)
14 verbose stack     at ChildProcess.emit (events.js:172:7)
14 verbose stack     at maybeClose (internal/child_process.js:821:16)
14 verbose stack     at Process.ChildProcess._handle.onexit (internal/child_process.js:211:5)
15 verbose pkgid trip-planner@1.0.0
16 verbose cwd /Users/Anthony/web_projects/fullstack/trip-planner
17 error Darwin 14.5.0
18 error argv "/usr/local/bin/node" "/usr/local/bin/npm" "run" "build-css"
19 error node v5.4.1
20 error npm  v3.3.12
21 error code ELIFECYCLE
22 error trip-planner@1.0.0 build-css: `node-sass -w -r assets/stylesheets -o public/stylesheets`
22 error Exit status 1
23 error Failed at the trip-planner@1.0.0 build-css script 'node-sass -w -r assets/stylesheets -o public/stylesheets'.
23 error Make sure you have the latest version of node.js and npm installed.
23 error If you do, this is most likely a problem with the trip-planner package,
23 error not with npm itself.
23 error Tell the author that this fails on your system:
23 error     node-sass -w -r assets/stylesheets -o public/stylesheets
23 error You can get their info via:
23 error     npm owner ls trip-planner
23 error There is likely additional logging output above.
24 verbose exit [ 1, true ]
